<?xml version="1.0" encoding="UTF-8"?>
<!-- Generated by org.testng.reporters.JUnitReportReporter -->
<testsuite skipped="0" hostname="LAPTOP-P9U8PG08" name="com.cucumber.framework.runner.newtour.Registration_steprunner" tests="1" failures="0" timestamp="29 May 2019 13:13:32 GMT" time="88.031" errors="0">
  <testcase name="feature" time="88.031" classname="com.cucumber.framework.runner.newtour.Registration_steprunner"/>
</testsuite> <!-- com.cucumber.framework.runner.newtour.Registration_steprunner -->
