<?xml version="1.0" encoding="UTF-8"?>
<!-- Generated by org.testng.reporters.JUnitReportReporter -->
<testsuite hostname="LAPTOP-P9U8PG08" name="com.cucumber.framework.runner.newtour.Support_Runner" tests="1" failures="0" timestamp="6 Feb 2019 04:43:12 GMT" time="41.480" errors="0">
  <testcase name="feature" time="41.480" classname="com.cucumber.framework.runner.newtour.Support_Runner"/>
</testsuite> <!-- com.cucumber.framework.runner.newtour.Support_Runner -->
