<?xml version="1.0" encoding="UTF-8"?>
<!-- Generated by org.testng.reporters.JUnitReportReporter -->
<testsuite hostname="LAPTOP-P9U8PG08" name="com.cucumber.framework.runner.login.sampletest" tests="1" failures="0" timestamp="1 Aug 2018 04:49:37 GMT" time="133.698" errors="0">
  <testcase name="feature" time="133.698" classname="com.cucumber.framework.runner.login.sampletest"/>
</testsuite> <!-- com.cucumber.framework.runner.login.sampletest -->
