<?xml version="1.0" encoding="UTF-8"?>
<!-- Generated by org.testng.reporters.JUnitReportReporter -->
<testsuite hostname="LAPTOP-P9U8PG08" name="com.cucumber.framework.runner.newtour.TestRunner" tests="1" failures="0" timestamp="23 May 2019 07:38:55 GMT" time="115.575" errors="0">
  <testcase name="feature" time="115.575" classname="com.cucumber.framework.runner.newtour.TestRunner"/>
</testsuite> <!-- com.cucumber.framework.runner.newtour.TestRunner -->
