<?xml version="1.0" encoding="UTF-8"?>
<!-- Generated by org.testng.reporters.JUnitReportReporter -->
<testsuite hostname="TAG141" name="com.cucumber.framework.runner.FacebookLoginFeatureRunner" tests="1" failures="0" timestamp="16 Feb 2018 09:25:57 GMT" time="761.317" errors="0">
  <testcase name="feature" time="761.317" classname="com.cucumber.framework.runner.FacebookLoginFeatureRunner"/>
</testsuite> <!-- com.cucumber.framework.runner.FacebookLoginFeatureRunner -->
