<?xml version="1.0" encoding="UTF-8"?>
<!-- Generated by org.testng.reporters.JUnitReportReporter -->
<testsuite skipped="0" hostname="LAPTOP-P9U8PG08" name="com.cucumber.framework.runner.Infotech_HR.Login_runner" tests="1" failures="0" timestamp="08 Jun 2019 15:46:36 GMT" time="46.953" errors="0">
  <testcase name="feature" time="46.953" classname="com.cucumber.framework.runner.Infotech_HR.Login_runner"/>
</testsuite> <!-- com.cucumber.framework.runner.Infotech_HR.Login_runner -->
