<?xml version="1.0" encoding="UTF-8"?>
<!-- Generated by org.testng.reporters.JUnitReportReporter -->
<testsuite hostname="LAPTOP-P9U8PG08" name="com.cucumber.framework.runner.newtour.Registration_steprunner" tests="1" failures="0" timestamp="9 Mar 2019 14:04:33 GMT" time="263.012" errors="0">
  <testcase name="feature" time="263.012" classname="com.cucumber.framework.runner.newtour.Registration_steprunner"/>
</testsuite> <!-- com.cucumber.framework.runner.newtour.Registration_steprunner -->
