<?xml version="1.0" encoding="UTF-8"?>
<!-- Generated by org.testng.reporters.JUnitReportReporter -->
<testsuite hostname="LAPTOP-P9U8PG08" name="com.cucumber.framework.runner.registration.RegistrationRunner" tests="1" failures="0" timestamp="2 Sep 2018 01:00:04 GMT" time="111.198" errors="0">
  <testcase name="feature" time="111.198" classname="com.cucumber.framework.runner.registration.RegistrationRunner"/>
</testsuite> <!-- com.cucumber.framework.runner.registration.RegistrationRunner -->
