<?xml version="1.0" encoding="UTF-8"?>
<!-- Generated by org.testng.reporters.JUnitReportReporter -->
<testsuite hostname="LAPTOP-P9U8PG08" name="com.cucumber.framework.runner.newtour.Registration_Steprunner1" tests="2" failures="0" timestamp="9 Mar 2019 14:35:20 GMT" time="52.614" errors="0">
  <testcase name="feature" time="22.042" classname="com.cucumber.framework.runner.newtour.Registration_Steprunner1"/>
  <testcase name="feature" time="30.572" classname="com.cucumber.framework.runner.newtour.Registration_Steprunner1"/>
</testsuite> <!-- com.cucumber.framework.runner.newtour.Registration_Steprunner1 -->
