<?xml version="1.0" encoding="UTF-8"?>
<!-- Generated by org.testng.reporters.JUnitReportReporter -->
<testsuite skipped="0" hostname="LAPTOP-P9U8PG08" name="com.cucumber.framework.runner.newtour.Registration_steprunner" tests="1" failures="0" timestamp="31 May 2019 02:43:32 GMT" time="570.711" errors="0">
  <testcase name="feature" time="570.711" classname="com.cucumber.framework.runner.newtour.Registration_steprunner"/>
</testsuite> <!-- com.cucumber.framework.runner.newtour.Registration_steprunner -->
