<?xml version="1.0" encoding="UTF-8"?>
<!-- Generated by org.testng.reporters.JUnitReportReporter -->
<testsuite hostname="LAPTOP-P9U8PG08" name="com.cucumber.framework.runner.newtour.signup" tests="1" failures="0" timestamp="2 Sep 2018 09:15:23 GMT" time="373.435" errors="0">
  <testcase name="feature" time="373.435" classname="com.cucumber.framework.runner.newtour.signup"/>
</testsuite> <!-- com.cucumber.framework.runner.newtour.signup -->
