<?xml version="1.0" encoding="UTF-8"?>
<!-- Generated by org.testng.reporters.JUnitReportReporter -->
<testsuite hostname="LAPTOP-P9U8PG08" name="com.cucumber.framework.runner.productCategory.TestTotalNumberOfWomenDressProductRunner" tests="1" failures="0" timestamp="18 Jul 2018 04:22:46 GMT" time="671.523" errors="0">
  <testcase name="feature" time="671.523" classname="com.cucumber.framework.runner.productCategory.TestTotalNumberOfWomenDressProductRunner"/>
</testsuite> <!-- com.cucumber.framework.runner.productCategory.TestTotalNumberOfWomenDressProductRunner -->
