<?xml version="1.0" encoding="UTF-8"?>
<!-- Generated by org.testng.reporters.JUnitReportReporter -->
<testsuite skipped="0" hostname="LAPTOP-P9U8PG08" name="com.cucumber.framework.runner.Infotech_HR.Leave_Software_runner" tests="1" failures="0" timestamp="09 Jun 2019 14:12:44 GMT" time="53.117" errors="0">
  <testcase name="feature" time="53.117" classname="com.cucumber.framework.runner.Infotech_HR.Leave_Software_runner"/>
</testsuite> <!-- com.cucumber.framework.runner.Infotech_HR.Leave_Software_runner -->
