<?xml version="1.0" encoding="UTF-8"?>
<!-- Generated by org.testng.reporters.JUnitReportReporter -->
<testsuite hostname="LAPTOP-P9U8PG08" name="com.cucumber.framework.runner.login.examplep" tests="1" failures="0" timestamp="2 Sep 2018 01:15:18 GMT" time="421.215" errors="0">
  <testcase name="feature" time="421.215" classname="com.cucumber.framework.runner.login.examplep"/>
</testsuite> <!-- com.cucumber.framework.runner.login.examplep -->
