<?xml version="1.0" encoding="UTF-8"?>
<!-- Generated by org.testng.reporters.JUnitReportReporter -->
<testsuite hostname="LAPTOP-P9U8PG08" name="com.cucumber.framework.runner.newtour.Registration_steprunner" tests="1" failures="0" timestamp="24 Feb 2019 06:48:39 GMT" time="209.804" errors="0">
  <testcase name="feature" time="209.804" classname="com.cucumber.framework.runner.newtour.Registration_steprunner"/>
</testsuite> <!-- com.cucumber.framework.runner.newtour.Registration_steprunner -->
